0 info it worked if it ends with ok
1 verbose cli [ 'node',
1 verbose cli   '/usr/local/bin/npm',
1 verbose cli   'install',
1 verbose cli   '--global',
1 verbose cli   'js2coffee' ]
2 info using npm@1.4.28
3 info using node@v0.10.32
4 verbose cache add [ 'js2coffee', null ]
5 verbose cache add name=undefined spec="js2coffee" args=["js2coffee",null]
6 verbose parsed url { protocol: null,
6 verbose parsed url   slashes: null,
6 verbose parsed url   auth: null,
6 verbose parsed url   host: null,
6 verbose parsed url   port: null,
6 verbose parsed url   hostname: null,
6 verbose parsed url   hash: null,
6 verbose parsed url   search: null,
6 verbose parsed url   query: null,
6 verbose parsed url   pathname: 'js2coffee',
6 verbose parsed url   path: 'js2coffee',
6 verbose parsed url   href: 'js2coffee' }
7 silly lockFile fe02976f-js2coffee js2coffee
8 verbose lock js2coffee /Users/kylepritchard/.npm/fe02976f-js2coffee.lock
9 silly lockFile fe02976f-js2coffee js2coffee
10 silly lockFile fe02976f-js2coffee js2coffee
11 verbose addNamed [ 'js2coffee', '' ]
12 verbose addNamed [ null, '*' ]
13 silly lockFile 5eedc53f-js2coffee js2coffee@
14 verbose lock js2coffee@ /Users/kylepritchard/.npm/5eedc53f-js2coffee.lock
15 silly addNameRange { name: 'js2coffee', range: '*', hasData: false }
16 verbose request where is /js2coffee
17 verbose request registry https://registry.npmjs.org/
18 verbose request id 007cada83b295436
19 verbose url raw /js2coffee
20 verbose url resolving [ 'https://registry.npmjs.org/', './js2coffee' ]
21 verbose url resolved https://registry.npmjs.org/js2coffee
22 verbose request where is https://registry.npmjs.org/js2coffee
23 info trying registry request attempt 1 at 14:29:35
24 verbose etag "7Z51GXEAL24Y65IK2Q9SQAKD3"
25 http GET https://registry.npmjs.org/js2coffee
26 http 200 https://registry.npmjs.org/js2coffee
27 silly registry.get cb [ 200,
27 silly registry.get   { server: 'CouchDB/1.5.0 (Erlang OTP/R16B03)',
27 silly registry.get     etag: '"2K58XZBQOUR3CHQYLMAYFQQB4"',
27 silly registry.get     'content-type': 'application/json',
27 silly registry.get     'cache-control': 'max-age=60',
27 silly registry.get     'content-length': '53897',
27 silly registry.get     'accept-ranges': 'bytes',
27 silly registry.get     date: 'Sun, 24 May 2015 13:29:36 GMT',
27 silly registry.get     via: '1.1 varnish',
27 silly registry.get     age: '27',
27 silly registry.get     connection: 'keep-alive',
27 silly registry.get     'x-served-by': 'cache-lhr6321-LHR',
27 silly registry.get     'x-cache': 'HIT',
27 silly registry.get     'x-cache-hits': '1',
27 silly registry.get     'x-timer': 'S1432474176.321414,VS0,VE0',
27 silly registry.get     vary: 'Accept' } ]
28 silly addNameRange number 2 { name: 'js2coffee', range: '*', hasData: true }
29 silly addNameRange versions [ 'js2coffee',
29 silly addNameRange   [ '0.0.1',
29 silly addNameRange     '0.0.2',
29 silly addNameRange     '0.0.3',
29 silly addNameRange     '0.0.4',
29 silly addNameRange     '0.0.5',
29 silly addNameRange     '0.1.0',
29 silly addNameRange     '0.1.1',
29 silly addNameRange     '0.1.2',
29 silly addNameRange     '0.1.3',
29 silly addNameRange     '0.1.4',
29 silly addNameRange     '0.2.0',
29 silly addNameRange     '0.2.1',
29 silly addNameRange     '0.2.3',
29 silly addNameRange     '0.2.4',
29 silly addNameRange     '0.2.5',
29 silly addNameRange     '0.2.6',
29 silly addNameRange     '0.2.7',
29 silly addNameRange     '0.3.0',
29 silly addNameRange     '0.3.1',
29 silly addNameRange     '0.3.2',
29 silly addNameRange     '0.3.3',
29 silly addNameRange     '0.3.4',
29 silly addNameRange     '0.3.5',
29 silly addNameRange     '2.0.0',
29 silly addNameRange     '2.0.1',
29 silly addNameRange     '2.0.2',
29 silly addNameRange     '2.0.3',
29 silly addNameRange     '2.0.4' ] ]
30 verbose addNamed [ 'js2coffee', '2.0.4' ]
31 verbose addNamed [ '2.0.4', '2.0.4' ]
32 silly lockFile 6d1b78c4-js2coffee-2-0-4 js2coffee@2.0.4
33 verbose lock js2coffee@2.0.4 /Users/kylepritchard/.npm/6d1b78c4-js2coffee-2-0-4.lock
34 silly lockFile 52519922-rg-js2coffee-js2coffee-2-0-4-tgz https://registry.npmjs.org/js2coffee/-/js2coffee-2.0.4.tgz
35 verbose lock https://registry.npmjs.org/js2coffee/-/js2coffee-2.0.4.tgz /Users/kylepritchard/.npm/52519922-rg-js2coffee-js2coffee-2-0-4-tgz.lock
36 verbose addRemoteTarball [ 'https://registry.npmjs.org/js2coffee/-/js2coffee-2.0.4.tgz',
36 verbose addRemoteTarball   '693f6019d410651bb15a8cbb7fc38876e7c0c608' ]
37 info retry fetch attempt 1 at 14:29:36
38 verbose fetch to= /var/folders/3t/tjksvv_j56vd6xrz4jznjm_w0000gn/T/npm-24369-iUsYeAac/registry.npmjs.org/js2coffee/-/js2coffee-2.0.4.tgz
39 http GET https://registry.npmjs.org/js2coffee/-/js2coffee-2.0.4.tgz
40 http 200 https://registry.npmjs.org/js2coffee/-/js2coffee-2.0.4.tgz
41 silly lockFile 52519922-rg-js2coffee-js2coffee-2-0-4-tgz https://registry.npmjs.org/js2coffee/-/js2coffee-2.0.4.tgz
42 silly lockFile 52519922-rg-js2coffee-js2coffee-2-0-4-tgz https://registry.npmjs.org/js2coffee/-/js2coffee-2.0.4.tgz
43 silly lockFile 6d1b78c4-js2coffee-2-0-4 js2coffee@2.0.4
44 silly lockFile 6d1b78c4-js2coffee-2-0-4 js2coffee@2.0.4
45 silly lockFile 5eedc53f-js2coffee js2coffee@
46 silly lockFile 5eedc53f-js2coffee js2coffee@
47 error Error: EACCES, mkdir '/Users/kylepritchard/.npm/js2coffee/2.0.4'
47 error  { [Error: EACCES, mkdir '/Users/kylepritchard/.npm/js2coffee/2.0.4']
47 error   errno: 3,
47 error   code: 'EACCES',
47 error   path: '/Users/kylepritchard/.npm/js2coffee/2.0.4' }
48 error Please try running this command again as root/Administrator.
49 error System Darwin 14.3.0
50 error command "node" "/usr/local/bin/npm" "install" "--global" "js2coffee"
51 error cwd /Users/kylepritchard/Desktop/meteor/blog
52 error node -v v0.10.32
53 error npm -v 1.4.28
54 error path /Users/kylepritchard/.npm/js2coffee/2.0.4
55 error code EACCES
56 error errno 3
57 error stack Error: EACCES, mkdir '/Users/kylepritchard/.npm/js2coffee/2.0.4'
58 verbose exit [ 3, true ]
